This is pdfTeX, Version 3.14159265-2.6-1.40.20 (TeX Live 2019) (preloaded format=pdflatex 2020.2.3)  20 FEB 2020 16:22
entering extended mode
 \write18 enabled.
 file:line:error style messages enabled.
 %&-line parsing enabled.
**/Users/riccardocaranfil/Desktop/UNI/Tesi/latex_corretta_digital/tesi.tex
(/Users/riccardocaranfil/Desktop/UNI/Tesi/latex_corretta_digital/tesi.tex
LaTeX2e <2018-12-01>
(/usr/local/texlive/2019/texmf-dist/tex/latex/base/book.cls
Document Class: book 2018/09/03 v1.4i Standard LaTeX document class
(/usr/local/texlive/2019/texmf-dist/tex/latex/base/bk12.clo
File: bk12.clo 2018/09/03 v1.4i Standard LaTeX file (size option)
)
\c@part=\count80
\c@chapter=\count81
\c@section=\count82
\c@subsection=\count83
\c@subsubsection=\count84
\c@paragraph=\count85
\c@subparagraph=\count86
\c@figure=\count87
\c@table=\count88
\abovecaptionskip=\skip41
\belowcaptionskip=\skip42
\bibindent=\dimen102
) (/usr/local/texlive/2019/texmf-dist/tex/latex/base/inputenc.sty
Package: inputenc 2018/08/11 v1.3c Input encoding file
\inpenc@prehook=\toks14
\inpenc@posthook=\toks15
) (/usr/local/texlive/2019/texmf-dist/tex/latex/graphics/graphicx.sty
Package: graphicx 2017/06/01 v1.1a Enhanced LaTeX Graphics (DPC,SPQR)
 (/usr/local/texlive/2019/texmf-dist/tex/latex/graphics/keyval.sty
Package: keyval 2014/10/28 v1.15 key=value parser (DPC)
\KV@toks@=\toks16
) (/usr/local/texlive/2019/texmf-dist/tex/latex/graphics/graphics.sty
Package: graphics 2017/06/25 v1.2c Standard LaTeX Graphics (DPC,SPQR)
 (/usr/local/texlive/2019/texmf-dist/tex/latex/graphics/trig.sty
Package: trig 2016/01/03 v1.10 sin cos tan (DPC)
) (/usr/local/texlive/2019/texmf-dist/tex/latex/graphics-cfg/graphics.cfg
File: graphics.cfg 2016/06/04 v1.11 sample graphics configuration
)
Package graphics Info: Driver file: pdftex.def on input line 99.
 (/usr/local/texlive/2019/texmf-dist/tex/latex/graphics-def/pdftex.def
File: pdftex.def 2018/01/08 v1.0l Graphics/color driver for pdftex
))
\Gin@req@height=\dimen103
\Gin@req@width=\dimen104
) (/usr/local/texlive/2019/texmf-dist/tex/generic/babel/babel.sty
Package: babel 2019/05/04 3.31 The Babel package
 (/usr/local/texlive/2019/texmf-dist/tex/generic/babel/switch.def
File: switch.def 2019/05/04 3.31 Babel switching mechanism
) (/usr/local/texlive/2019/texmf-dist/tex/generic/babel-italian/italian.ldf
Language: italian 2019/01/05 v.1.4.01 Italian support for the babel system
 (/usr/local/texlive/2019/texmf-dist/tex/generic/babel/babel.def
File: babel.def 2019/05/04 3.31 Babel common definitions
\babel@savecnt=\count89
\U@D=\dimen105
 (/usr/local/texlive/2019/texmf-dist/tex/generic/babel/txtbabel.def)
\bbl@dirlevel=\count90
)
\it@lettering=\count91
\it@doublequoteactive=\count92
\it@ISOcompliance=\count93
)) (/usr/local/texlive/2019/texmf-dist/tex/latex/etoolbox/etoolbox.sty
Package: etoolbox 2018/08/19 v2.5f e-TeX tools for LaTeX (JAW)
\etb@tempcnta=\count94
) (/usr/local/texlive/2019/texmf-dist/tex/latex/geometry/geometry.sty
Package: geometry 2018/04/16 v5.8 Page Geometry
 (/usr/local/texlive/2019/texmf-dist/tex/generic/oberdiek/ifpdf.sty
Package: ifpdf 2018/09/07 v3.3 Provides the ifpdf switch
) (/usr/local/texlive/2019/texmf-dist/tex/generic/oberdiek/ifvtex.sty
Package: ifvtex 2016/05/16 v1.6 Detect VTeX and its facilities (HO)
Package ifvtex Info: VTeX not detected.
) (/usr/local/texlive/2019/texmf-dist/tex/generic/ifxetex/ifxetex.sty
Package: ifxetex 2010/09/12 v0.6 Provides ifxetex conditional
)
\Gm@cnth=\count95
\Gm@cntv=\count96
\c@Gm@tempcnt=\count97
\Gm@bindingoffset=\dimen106
\Gm@wd@mp=\dimen107
\Gm@odd@mp=\dimen108
\Gm@even@mp=\dimen109
\Gm@layoutwidth=\dimen110
\Gm@layoutheight=\dimen111
\Gm@layouthoffset=\dimen112
\Gm@layoutvoffset=\dimen113
\Gm@dimlist=\toks17
) (/usr/local/texlive/2019/texmf-dist/tex/latex/base/fixltx2e.sty
Package: fixltx2e 2016/12/29 v2.1a fixes to LaTeX (obsolete)
Applying: [2015/01/01] Old fixltx2e package on input line 46.


Package fixltx2e Warning: fixltx2e is not required with releases after 2015
(fixltx2e)                All fixes are now in the LaTeX kernel.
(fixltx2e)                See the latexrelease package for details.

Already applied: [0000/00/00] Old fixltx2e package on input line 53.
) (/usr/local/texlive/2019/texmf-dist/tex/latex/bold-extra/bold-extra.sty
Package: bold-extra 2001/11/13 v0.1 Use fonts from cm/mf-extra/bold
) (/usr/local/texlive/2019/texmf-dist/tex/latex/amsfonts/amssymb.sty
Package: amssymb 2013/01/14 v3.01 AMS font symbols
 (/usr/local/texlive/2019/texmf-dist/tex/latex/amsfonts/amsfonts.sty
Package: amsfonts 2013/01/14 v3.01 Basic AMSFonts support
\@emptytoks=\toks18
\symAMSa=\mathgroup4
\symAMSb=\mathgroup5
LaTeX Font Info:    Overwriting math alphabet `\mathfrak' in version `bold'
(Font)                  U/euf/m/n --> U/euf/b/n on input line 106.
)) (/usr/local/texlive/2019/texmf-dist/tex/latex/amsmath/amsmath.sty
Package: amsmath 2018/12/01 v2.17b AMS math features
\@mathmargin=\skip43

For additional information on amsmath, use the `?' option.
(/usr/local/texlive/2019/texmf-dist/tex/latex/amsmath/amstext.sty
Package: amstext 2000/06/29 v2.01 AMS text
 (/usr/local/texlive/2019/texmf-dist/tex/latex/amsmath/amsgen.sty
File: amsgen.sty 1999/11/30 v2.0 generic functions
\@emptytoks=\toks19
\ex@=\dimen114
)) (/usr/local/texlive/2019/texmf-dist/tex/latex/amsmath/amsbsy.sty
Package: amsbsy 1999/11/29 v1.2d Bold Symbols
\pmbraise@=\dimen115
) (/usr/local/texlive/2019/texmf-dist/tex/latex/amsmath/amsopn.sty
Package: amsopn 2016/03/08 v2.02 operator names
)
\inf@bad=\count98
LaTeX Info: Redefining \frac on input line 223.
\uproot@=\count99
\leftroot@=\count100
LaTeX Info: Redefining \overline on input line 385.
\classnum@=\count101
\DOTSCASE@=\count102
LaTeX Info: Redefining \ldots on input line 482.
LaTeX Info: Redefining \dots on input line 485.
LaTeX Info: Redefining \cdots on input line 606.
\Mathstrutbox@=\box27
\strutbox@=\box28
\big@size=\dimen116
LaTeX Font Info:    Redeclaring font encoding OML on input line 729.
LaTeX Font Info:    Redeclaring font encoding OMS on input line 730.
\macc@depth=\count103
\c@MaxMatrixCols=\count104
\dotsspace@=\muskip10
\c@parentequation=\count105
\dspbrk@lvl=\count106
\tag@help=\toks20
\row@=\count107
\column@=\count108
\maxfields@=\count109
\andhelp@=\toks21
\eqnshift@=\dimen117
\alignsep@=\dimen118
\tagshift@=\dimen119
\tagwidth@=\dimen120
\totwidth@=\dimen121
\lineht@=\dimen122
\@envbody=\toks22
\multlinegap=\skip44
\multlinetaggap=\skip45
\mathdisplay@stack=\toks23
LaTeX Info: Redefining \[ on input line 2844.
LaTeX Info: Redefining \] on input line 2845.
) (/usr/local/texlive/2019/texmf-dist/tex/latex/mathtools/mathtools.sty
Package: mathtools 2018/01/08 v1.21 mathematical typesetting tools
 (/usr/local/texlive/2019/texmf-dist/tex/latex/tools/calc.sty
Package: calc 2017/05/25 v4.3 Infix arithmetic (KKT,FJ)
\calc@Acount=\count110
\calc@Bcount=\count111
\calc@Adimen=\dimen123
\calc@Bdimen=\dimen124
\calc@Askip=\skip46
\calc@Bskip=\skip47
LaTeX Info: Redefining \setlength on input line 80.
LaTeX Info: Redefining \addtolength on input line 81.
\calc@Ccount=\count112
\calc@Cskip=\skip48
) (/usr/local/texlive/2019/texmf-dist/tex/latex/mathtools/mhsetup.sty
Package: mhsetup 2017/03/31 v1.3 programming setup (MH)
)
LaTeX Info: Thecontrolsequence`\('isalreadyrobust on input line 129.
LaTeX Info: Thecontrolsequence`\)'isalreadyrobust on input line 129.
LaTeX Info: Thecontrolsequence`\['isalreadyrobust on input line 129.
LaTeX Info: Thecontrolsequence`\]'isalreadyrobust on input line 129.
\g_MT_multlinerow_int=\count113
\l_MT_multwidth_dim=\dimen125
\origjot=\skip49
\l_MT_shortvdotswithinadjustabove_dim=\dimen126
\l_MT_shortvdotswithinadjustbelow_dim=\dimen127
\l_MT_above_intertext_sep=\dimen128
\l_MT_below_intertext_sep=\dimen129
\l_MT_above_shortintertext_sep=\dimen130
\l_MT_below_shortintertext_sep=\dimen131
) (/usr/local/texlive/2019/texmf-dist/tex/latex/microtype/microtype.sty
Package: microtype 2019/02/28 v2.7b Micro-typographical refinements (RS)
\MT@toks=\toks24
\MT@count=\count114
LaTeX Info: Redefining \textls on input line 790.
\MT@outer@kern=\dimen132
LaTeX Info: Redefining \textmicrotypecontext on input line 1336.
\MT@listname@count=\count115
 (/usr/local/texlive/2019/texmf-dist/tex/latex/microtype/microtype-pdftex.def
File: microtype-pdftex.def 2019/02/28 v2.7b Definitions specific to pdftex (RS)
LaTeX Info: Redefining \lsstyle on input line 914.
LaTeX Info: Redefining \lslig on input line 914.
\MT@outer@space=\skip50
)
Package microtype Info: Loading configuration file microtype.cfg.
 (/usr/local/texlive/2019/texmf-dist/tex/latex/microtype/microtype.cfg
File: microtype.cfg 2019/02/28 v2.7b microtype main configuration file (RS)
)) (/usr/local/texlive/2019/texmf-dist/tex/latex/url/url.sty
\Urlmuskip=\muskip11
Package: url 2013/09/16  ver 3.4  Verb mode for urls, etc.
) (/usr/local/texlive/2019/texmf-dist/tex/latex/cite/cite.sty
LaTeX Info: Redefining \cite on input line 302.
LaTeX Info: Redefining \nocite on input line 332.
Package: cite 2015/02/27  v 5.5
) (/usr/local/texlive/2019/texmf-dist/tex/latex/hyperref/hyperref.sty
Package: hyperref 2018/11/30 v6.88e Hypertext links for LaTeX
 (/usr/local/texlive/2019/texmf-dist/tex/generic/oberdiek/hobsub-hyperref.sty
Package: hobsub-hyperref 2016/05/16 v1.14 Bundle oberdiek, subset hyperref (HO)
 (/usr/local/texlive/2019/texmf-dist/tex/generic/oberdiek/hobsub-generic.sty
Package: hobsub-generic 2016/05/16 v1.14 Bundle oberdiek, subset generic (HO)
Package: hobsub 2016/05/16 v1.14 Construct package bundles (HO)
Package: infwarerr 2016/05/16 v1.4 Providing info/warning/error messages (HO)
Package: ltxcmds 2016/05/16 v1.23 LaTeX kernel commands for general use (HO)
Package: ifluatex 2016/05/16 v1.4 Provides the ifluatex switch (HO)
Package ifluatex Info: LuaTeX not detected.
Package hobsub Info: Skipping package `ifvtex' (already loaded).
Package: intcalc 2016/05/16 v1.2 Expandable calculations with integers (HO)
Package hobsub Info: Skipping package `ifpdf' (already loaded).
Package: etexcmds 2016/05/16 v1.6 Avoid name clashes with e-TeX commands (HO)
Package: kvsetkeys 2016/05/16 v1.17 Key value parser (HO)
Package: kvdefinekeys 2016/05/16 v1.4 Define keys (HO)
Package: pdftexcmds 2018/09/10 v0.29 Utility functions of pdfTeX for LuaTeX (HO)
Package pdftexcmds Info: LuaTeX not detected.
Package pdftexcmds Info: \pdf@primitive is available.
Package pdftexcmds Info: \pdf@ifprimitive is available.
Package pdftexcmds Info: \pdfdraftmode found.
Package: pdfescape 2016/05/16 v1.14 Implements pdfTeX's escape features (HO)
Package: bigintcalc 2016/05/16 v1.4 Expandable calculations on big integers (HO)
Package: bitset 2016/05/16 v1.2 Handle bit-vector datatype (HO)
Package: uniquecounter 2016/05/16 v1.3 Provide unlimited unique counter (HO)
)
Package hobsub Info: Skipping package `hobsub' (already loaded).
Package: letltxmacro 2016/05/16 v1.5 Let assignment for LaTeX macros (HO)
Package: hopatch 2016/05/16 v1.3 Wrapper for package hooks (HO)
Package: xcolor-patch 2016/05/16 xcolor patch
Package: atveryend 2016/05/16 v1.9 Hooks at the very end of document (HO)
Package: atbegshi 2016/06/09 v1.18 At begin shipout hook (HO)
Package: refcount 2016/05/16 v3.5 Data extraction from label references (HO)
Package: hycolor 2016/05/16 v1.8 Color options for hyperref/bookmark (HO)
) (/usr/local/texlive/2019/texmf-dist/tex/latex/oberdiek/auxhook.sty
Package: auxhook 2016/05/16 v1.4 Hooks for auxiliary files (HO)
) (/usr/local/texlive/2019/texmf-dist/tex/latex/oberdiek/kvoptions.sty
Package: kvoptions 2016/05/16 v3.12 Key value format for package options (HO)
)
\@linkdim=\dimen133
\Hy@linkcounter=\count116
\Hy@pagecounter=\count117
 (/usr/local/texlive/2019/texmf-dist/tex/latex/hyperref/pd1enc.def
File: pd1enc.def 2018/11/30 v6.88e Hyperref: PDFDocEncoding definition (HO)
Now handling font encoding PD1 ...
... no UTF-8 mapping file for font encoding PD1
)
\Hy@SavedSpaceFactor=\count118
 (/usr/local/texlive/2019/texmf-dist/tex/latex/latexconfig/hyperref.cfg
File: hyperref.cfg 2002/06/06 v1.2 hyperref configuration of TeXLive
)
Package hyperref Info: Option `bookmarks' set `true' on input line 4393.
Package hyperref Info: Hyper figures OFF on input line 4519.
Package hyperref Info: Link nesting OFF on input line 4524.
Package hyperref Info: Hyper index ON on input line 4527.
Package hyperref Info: Plain pages OFF on input line 4534.
Package hyperref Info: Backreferencing OFF on input line 4539.
Package hyperref Info: Implicit mode ON; LaTeX internals redefined.
Package hyperref Info: Bookmarks ON on input line 4772.
\c@Hy@tempcnt=\count119
LaTeX Info: Redefining \url on input line 5125.
\XeTeXLinkMargin=\dimen134
\Fld@menulength=\count120
\Field@Width=\dimen135
\Fld@charsize=\dimen136
Package hyperref Info: Hyper figures OFF on input line 6380.
Package hyperref Info: Link nesting OFF on input line 6385.
Package hyperref Info: Hyper index ON on input line 6388.
Package hyperref Info: backreferencing OFF on input line 6395.
Package hyperref Info: Link coloring OFF on input line 6400.
Package hyperref Info: Link coloring with OCG OFF on input line 6405.
Package hyperref Info: PDF/A mode OFF on input line 6410.
LaTeX Info: Redefining \ref on input line 6450.
LaTeX Info: Redefining \pageref on input line 6454.
\Hy@abspage=\count121
\c@Item=\count122
\c@Hfootnote=\count123
)
Package hyperref Info: Driver (autodetected): hpdftex.
 (/usr/local/texlive/2019/texmf-dist/tex/latex/hyperref/hpdftex.def
File: hpdftex.def 2018/11/30 v6.88e Hyperref driver for pdfTeX
\Fld@listcount=\count124
\c@bookmark@seq@number=\count125
 (/usr/local/texlive/2019/texmf-dist/tex/latex/oberdiek/rerunfilecheck.sty
Package: rerunfilecheck 2016/05/16 v1.8 Rerun checks for auxiliary files (HO)
Package uniquecounter Info: New unique counter `rerunfilecheck' on input line 282.
)
\Hy@SectionHShift=\skip51
) (/usr/local/texlive/2019/texmf-dist/tex/latex/xcolor/xcolor.sty
Package: xcolor 2016/05/11 v2.12 LaTeX color extensions (UK)
 (/usr/local/texlive/2019/texmf-dist/tex/latex/graphics-cfg/color.cfg
File: color.cfg 2016/01/02 v1.6 sample color configuration
)
Package xcolor Info: Driver file: pdftex.def on input line 225.
Package xcolor Info: Model `cmy' substituted by `cmy0' on input line 1348.
Package xcolor Info: Model `hsb' substituted by `rgb' on input line 1352.
Package xcolor Info: Model `RGB' extended on input line 1364.
Package xcolor Info: Model `HTML' substituted by `rgb' on input line 1366.
Package xcolor Info: Model `Hsb' substituted by `hsb' on input line 1367.
Package xcolor Info: Model `tHsb' substituted by `hsb' on input line 1368.
Package xcolor Info: Model `HSB' substituted by `hsb' on input line 1369.
Package xcolor Info: Model `Gray' substituted by `gray' on input line 1370.
Package xcolor Info: Model `wave' substituted by `hsb' on input line 1371.
) (/usr/local/texlive/2019/texmf-dist/tex/latex/caption/caption.sty
Package: caption 2018/10/06 v3.3-154 Customizing captions (AR)
 (/usr/local/texlive/2019/texmf-dist/tex/latex/caption/caption3.sty
Package: caption3 2018/09/12 v1.8c caption3 kernel (AR)
Package caption3 Info: TeX engine: e-TeX on input line 64.
\captionmargin=\dimen137
\captionmargin@=\dimen138
\captionwidth=\dimen139
\caption@tempdima=\dimen140
\caption@indent=\dimen141
\caption@parindent=\dimen142
\caption@hangindent=\dimen143
)
\c@caption@flags=\count126
\c@ContinuedFloat=\count127
Package caption Info: hyperref package is loaded.
) (/usr/local/texlive/2019/texmf-dist/tex/latex/minted/minted.sty
Package: minted 2017/07/19 v2.5 Yet another Pygments shim for LaTeX
 (/usr/local/texlive/2019/texmf-dist/tex/latex/fvextra/fvextra.sty
Package: fvextra 2019/02/04 v1.4 fvextra - extensions and patches for fancyvrb
 (/usr/local/texlive/2019/texmf-dist/tex/latex/base/ifthen.sty
Package: ifthen 2014/09/29 v1.1c Standard LaTeX ifthen package (DPC)
) (/usr/local/texlive/2019/texmf-dist/tex/latex/fancyvrb/fancyvrb.sty
Package: fancyvrb 2019/01/15
 Style option: `fancyvrb' v3.2a <2019/01/15> (tvz)
\FV@CodeLineNo=\count128
\FV@InFile=\read1
\FV@TabBox=\box29
\c@FancyVerbLine=\count129
\FV@StepNumber=\count130
\FV@OutFile=\write3
) (/usr/local/texlive/2019/texmf-dist/tex/latex/upquote/upquote.sty
Package: upquote 2012/04/19 v1.3 upright-quote and grave-accent glyphs in verbatim
) (/usr/local/texlive/2019/texmf-dist/tex/latex/lineno/lineno.sty
Package: lineno 2005/11/02 line numbers on paragraphs v4.41
\linenopenalty=\count131
\output=\toks25
\linenoprevgraf=\count132
\linenumbersep=\dimen144
\linenumberwidth=\dimen145
\c@linenumber=\count133
\c@pagewiselinenumber=\count134
\c@LN@truepage=\count135
\c@internallinenumber=\count136
\c@internallinenumbers=\count137
\quotelinenumbersep=\dimen146
\bframerule=\dimen147
\bframesep=\dimen148
\bframebox=\box30
LaTeX Info: Redefining \\ on input line 3056.
)
\c@FV@TrueTabGroupLevel=\count138
\c@FV@TrueTabCounter=\count139
\FV@TabBox@Group=\box31
\FV@TmpLength=\skip52
\c@FV@HighlightLinesStart=\count140
\c@FV@HighlightLinesStop=\count141
\FV@LoopCount=\count142
\FV@NCharsBox=\box32
\FV@BreakIndent=\dimen149
\FV@BreakIndentNChars=\count143
\FV@BreakSymbolSepLeft=\dimen150
\FV@BreakSymbolSepLeftNChars=\count144
\FV@BreakSymbolSepRight=\dimen151
\FV@BreakSymbolSepRightNChars=\count145
\FV@BreakSymbolIndentLeft=\dimen152
\FV@BreakSymbolIndentLeftNChars=\count146
\FV@BreakSymbolIndentRight=\dimen153
\FV@BreakSymbolIndentRightNChars=\count147
\c@FancyVerbLineBreakLast=\count148
\FV@LineBox=\box33
\FV@LineIndentBox=\box34
\FV@LineWidth=\dimen154
) (/usr/local/texlive/2019/texmf-dist/tex/latex/tools/shellesc.sty
Package: shellesc 2016/06/07 v0.02a unified shell escape interface for LaTeX
Package shellesc Info: Unrestricted shell escape enabled on input line 67.
) (/usr/local/texlive/2019/texmf-dist/tex/latex/ifplatform/ifplatform.sty
Package: ifplatform 2017/10/13 v0.4a Testing for the operating system
 (/usr/local/texlive/2019/texmf-dist/tex/generic/oberdiek/catchfile.sty
Package: catchfile 2016/05/16 v1.7 Catch the contents of a file (HO)
)
runsystem(uname -s > "tesi.w18")...executed.

 (./tesi.w18)
runsystem(rm -- "tesi.w18")...executed.

) (/usr/local/texlive/2019/texmf-dist/tex/generic/xstring/xstring.sty (/usr/local/texlive/2019/texmf-dist/tex/generic/xstring/xstring.tex
\integerpart=\count149
\decimalpart=\count150
)
Package: xstring 2019/02/06 v1.83 String manipulations (CT)
) (/usr/local/texlive/2019/texmf-dist/tex/latex/framed/framed.sty
Package: framed 2011/10/22 v 0.96: framed or shaded text with page breaks
\OuterFrameSep=\skip53
\fb@frw=\dimen155
\fb@frh=\dimen156
\FrameRule=\dimen157
\FrameSep=\dimen158
) (/usr/local/texlive/2019/texmf-dist/tex/latex/float/float.sty
Package: float 2001/11/08 v1.3d Float enhancements (AL)
\c@float@type=\count151
\float@exts=\toks26
\float@box=\box35
\@float@everytoks=\toks27
\@floatcapt=\box36
)
\minted@appexistsfile=\read2
\minted@bgbox=\box37
\minted@code=\write4
\c@minted@FancyVerbLineTemp=\count152
\c@minted@pygmentizecounter=\count153
\@float@every@listing=\toks28
\c@listing=\count154
)
runsystem(mkdir -p _minted-tesi)...executed.

 (/usr/local/texlive/2019/texmf-dist/tex/latex/subfigure/subfigure.sty
Package: subfigure 2002/03/15 v2.1.5 subfigure package
\subfigtopskip=\skip54
\subfigcapskip=\skip55
\subfigcaptopadj=\dimen159
\subfigbottomskip=\skip56
\subfigcapmargin=\dimen160
\subfiglabelskip=\skip57
\c@subfigure=\count155
\c@lofdepth=\count156
\c@subtable=\count157
\c@lotdepth=\count158

****************************************
* Local config file subfigure.cfg used *
****************************************
(/usr/local/texlive/2019/texmf-dist/tex/latex/subfigure/subfigure.cfg)
\subfig@top=\skip58
\subfig@bottom=\skip59
)
runsystem(which pygmentize && touch tesi.aex)...executed.

runsystem(rm tesi.aex)...executed.

 (./tesi.aux

LaTeX Warning: Label `fig:7' multiply defined.

)
\openout1 = `tesi.aux'.

LaTeX Font Info:    Checking defaults for OML/cmm/m/it on input line 55.
LaTeX Font Info:    ... okay on input line 55.
LaTeX Font Info:    Checking defaults for T1/cmr/m/n on input line 55.
LaTeX Font Info:    ... okay on input line 55.
LaTeX Font Info:    Checking defaults for OT1/cmr/m/n on input line 55.
LaTeX Font Info:    ... okay on input line 55.
LaTeX Font Info:    Checking defaults for OMS/cmsy/m/n on input line 55.
LaTeX Font Info:    ... okay on input line 55.
LaTeX Font Info:    Checking defaults for OMX/cmex/m/n on input line 55.
LaTeX Font Info:    ... okay on input line 55.
LaTeX Font Info:    Checking defaults for U/cmr/m/n on input line 55.
LaTeX Font Info:    ... okay on input line 55.
LaTeX Font Info:    Checking defaults for PD1/pdf/m/n on input line 55.
LaTeX Font Info:    ... okay on input line 55.
 (/usr/local/texlive/2019/texmf-dist/tex/context/base/mkii/supp-pdf.mkii
[Loading MPS to PDF converter (version 2006.09.02).]
\scratchcounter=\count159
\scratchdimen=\dimen161
\scratchbox=\box38
\nofMPsegments=\count160
\nofMParguments=\count161
\everyMPshowfont=\toks29
\MPscratchCnt=\count162
\MPscratchDim=\dimen162
\MPnumerator=\count163
\makeMPintoPDFobject=\count164
\everyMPtoPDFconversion=\toks30
) (/usr/local/texlive/2019/texmf-dist/tex/latex/oberdiek/epstopdf-base.sty
Package: epstopdf-base 2016/05/15 v2.6 Base part for package epstopdf
 (/usr/local/texlive/2019/texmf-dist/tex/latex/oberdiek/grfext.sty
Package: grfext 2016/05/16 v1.2 Manage graphics extensions (HO)
)
Package epstopdf-base Info: Redefining graphics rule for `.eps' on input line 438.
Package grfext Info: Graphics extension search list:
(grfext)             [.pdf,.png,.jpg,.mps,.jpeg,.jbig2,.jb2,.PDF,.PNG,.JPG,.JPEG,.JBIG2,.JB2,.eps]
(grfext)             \AppendGraphicsExtensions on input line 456.
 (/usr/local/texlive/2019/texmf-dist/tex/latex/latexconfig/epstopdf-sys.cfg
File: epstopdf-sys.cfg 2010/07/13 v1.3 Configuration of (r)epstopdf for TeX Live
))
LaTeX Info: Redefining \it@ocap on input line 55.
LaTeX Info: Redefining \it@ccap on input line 55.


File italian.ldf warning: 
italian.ldf    With OT1 encoding guillemets are poorly faked
italian.ldf    Use T1 encoding
italian.ldf    or specify a font with command \CaporaliFrom
italian.ldf    See the documentation concerning the babel-italian typesetting 
italian.ldf    on input line 55.

*geometry* driver: auto-detecting
*geometry* detected driver: pdftex
*geometry* verbose mode - [ preamble ] result:
* driver: pdftex
* paper: a4paper
* layout: <same size as paper>
* layoutoffset:(h,v)=(0.0pt,0.0pt)
* modes: twoside 
* h-part:(L,W,R)=(86.72377pt, 424.06033pt, 86.72377pt)
* v-part:(T,H,B)=(144.54pt, 592.10185pt, 108.405pt)
* \paperwidth=597.50787pt
* \paperheight=845.04684pt
* \textwidth=424.06033pt
* \textheight=592.10185pt
* \oddsidemargin=14.45378pt
* \evensidemargin=14.45378pt
* \topmargin=40.39621pt
* \headheight=12.0pt
* \headsep=19.8738pt
* \topskip=12.0pt
* \footskip=30.0pt
* \marginparwidth=88.0pt
* \marginparsep=7.0pt
* \columnsep=10.0pt
* \skip\footins=10.8pt plus 4.0pt minus 2.0pt
* \hoffset=0.0pt
* \voffset=0.0pt
* \mag=1000
* \@twocolumnfalse
* \@twosidetrue
* \@mparswitchtrue
* \@reversemarginfalse
* (1in=72.27pt=25.4mm, 1cm=28.453pt)

LaTeX Info: Redefining \microtypecontext on input line 55.
Package microtype Info: Generating PDF output.
Package microtype Info: Character protrusion enabled (level 2).
Package microtype Info: Using default protrusion set `alltext'.
Package microtype Info: Automatic font expansion enabled (level 2),
(microtype)             stretch: 20, shrink: 20, step: 1, non-selected.
Package microtype Info: Using default expansion set `basictext'.
Package microtype Info: No adjustment of tracking.
Package microtype Info: No adjustment of interword spacing.
Package microtype Info: No adjustment of character kerning.
(/usr/local/texlive/2019/texmf-dist/tex/latex/microtype/mt-cmr.cfg
File: mt-cmr.cfg 2013/05/19 v2.2 microtype config. file: Computer Modern Roman (RS)
)
\AtBeginShipoutBox=\box39
Package hyperref Info: Link coloring OFF on input line 55.
 (/usr/local/texlive/2019/texmf-dist/tex/latex/hyperref/nameref.sty
Package: nameref 2016/05/21 v2.44 Cross-referencing by name of section
 (/usr/local/texlive/2019/texmf-dist/tex/generic/oberdiek/gettitlestring.sty
Package: gettitlestring 2016/05/16 v1.5 Cleanup title references (HO)
)
\c@section@level=\count165
)
LaTeX Info: Redefining \ref on input line 55.
LaTeX Info: Redefining \pageref on input line 55.
LaTeX Info: Redefining \nameref on input line 55.
 (./tesi.out) (./tesi.out)
\@outlinefile=\write5
\openout5 = `tesi.out'.

Package caption Info: Begin \AtBeginDocument code.
Package caption Info: float package is loaded.
Package caption Info: subfigure package is loaded.
Package caption Info: End \AtBeginDocument code.
 (./titlepage.tex
*geometry* verbose mode - [ newgeometry ] result:
* driver: pdftex
* paper: a4paper
* layout: <same size as paper>
* layoutoffset:(h,v)=(0.0pt,0.0pt)
* modes: twoside 
* h-part:(L,W,R)=(59.75078pt, 478.00632pt, 59.75078pt)
* v-part:(T,H,B)=(101.40665pt, 591.5302pt, 152.11pt)
* \paperwidth=597.50787pt
* \paperheight=845.04684pt
* \textwidth=478.00632pt
* \textheight=591.5302pt
* \oddsidemargin=-12.51921pt
* \evensidemargin=-12.51921pt
* \topmargin=-2.73714pt
* \headheight=12.0pt
* \headsep=19.8738pt
* \topskip=12.0pt
* \footskip=30.0pt
* \marginparwidth=88.0pt
* \marginparsep=7.0pt
* \columnsep=10.0pt
* \skip\footins=10.8pt plus 4.0pt minus 2.0pt
* \hoffset=0.0pt
* \voffset=0.0pt
* \mag=1000
* \@twocolumnfalse
* \@twosidetrue
* \@mparswitchtrue
* \@reversemarginfalse
* (1in=72.27pt=25.4mm, 1cm=28.453pt)

<images/logo.png, id=152, 313.17pt x 313.17pt>
File: images/logo.png Graphic file (type png)
<use images/logo.png>
Package pdftex.def Info: images/logo.png  used on input line 5.
(pdftex.def)             Requested size: 109.61113pt x 109.61113pt.
LaTeX Font Info:    Font shape `OT1/cmr/bx/sc' in size <20.74> not available
(Font)              Font shape `OT1/cmr/b/sc' tried instead on input line 15.

Underfull \hbox (badness 10000) in paragraph at lines 44--45

 []

[1



{/usr/local/texlive/2019/texmf-var/fonts/map/pdftex/updmap/pdftex.map} <./images/logo.png>]) [2

] [3] [4

] (./tesi.toc
LaTeX Font Info:    Try loading font information for U+msa on input line 5.
 (/usr/local/texlive/2019/texmf-dist/tex/latex/amsfonts/umsa.fd
File: umsa.fd 2013/01/14 v3.01 AMS symbols A
) (/usr/local/texlive/2019/texmf-dist/tex/latex/microtype/mt-msa.cfg
File: mt-msa.cfg 2006/02/04 v1.1 microtype config. file: AMS symbols (a) (RS)
)
LaTeX Font Info:    Try loading font information for U+msb on input line 5.
 (/usr/local/texlive/2019/texmf-dist/tex/latex/amsfonts/umsb.fd
File: umsb.fd 2013/01/14 v3.01 AMS symbols B
) (/usr/local/texlive/2019/texmf-dist/tex/latex/microtype/mt-msb.cfg
File: mt-msb.cfg 2005/06/01 v1.0 microtype config. file: AMS symbols (b) (RS)
) [5])
\tf@toc=\write6
\openout6 = `tesi.toc'.

 [6] (./introduzione.tex) [1

] [2]
Capitolo 1.
(./cap1.tex

Package hyperref Warning: Difference (2) between bookmark levels is greater 
(hyperref)                than one, level fixed on input line 6.

<images/screen_1.jpg, id=250, 451.6875pt x 977.6525pt>
File: images/screen_1.jpg Graphic file (type jpg)
<use images/screen_1.jpg>
Package pdftex.def Info: images/screen_1.jpg  used on input line 30.
(pdftex.def)             Requested size: 91.04872pt x 197.06357pt.
<images/screen_2.jpg, id=251, 451.6875pt x 977.6525pt>
File: images/screen_2.jpg Graphic file (type jpg)
<use images/screen_2.jpg>
Package pdftex.def Info: images/screen_2.jpg  used on input line 32.
(pdftex.def)             Requested size: 91.04872pt x 197.06357pt.
<images/screen_3.jpg, id=252, 451.6875pt x 977.6525pt>
File: images/screen_3.jpg Graphic file (type jpg)
<use images/screen_3.jpg>
Package pdftex.def Info: images/screen_3.jpg  used on input line 34.
(pdftex.def)             Requested size: 91.04872pt x 197.06357pt.
<images/screen_4.jpg, id=253, 451.6875pt x 977.6525pt>
File: images/screen_4.jpg Graphic file (type jpg)
<use images/screen_4.jpg>
Package pdftex.def Info: images/screen_4.jpg  used on input line 36.
(pdftex.def)             Requested size: 91.04872pt x 197.06357pt.
[3

]
LaTeX Font Info:    Try loading font information for OMS+cmr on input line 51.
 (/usr/local/texlive/2019/texmf-dist/tex/latex/base/omscmr.fd
File: omscmr.fd 2014/09/29 v2.5h Standard LaTeX font definitions
)
LaTeX Font Info:    Font shape `OMS/cmr/m/n' in size <12> not available
(Font)              Font shape `OMS/cmsy/m/n' tried instead on input line 51.
 [4 <./images/screen_1.jpg> <./images/screen_2.jpg> <./images/screen_3.jpg> <./images/screen_4.jpg>]) [5] [6

]
Capitolo 2.
(./cap2.tex
Underfull \hbox (badness 10000) in paragraph at lines 21--25

 []

<images/navigation.jpg, id=294, 421.575pt x 324.21124pt>
File: images/navigation.jpg Graphic file (type jpg)
<use images/navigation.jpg>
Package pdftex.def Info: images/navigation.jpg  used on input line 28.
(pdftex.def)             Requested size: 142.26378pt x 109.40915pt.

Package caption Warning: The option `hypcap=true' will be ignored for this
(caption)                particular \caption on input line 29.
See the caption package documentation for explanation.


Overfull \hbox (17.62482pt too wide) in paragraph at lines 26--32
[]$[]$ 
 []


Underfull \vbox (badness 10000) has occurred while \output is active []

 [7]
<images/push.png, id=303, 1342.01375pt x 723.70375pt>
File: images/push.png Graphic file (type png)
<use images/push.png>
Package pdftex.def Info: images/push.png  used on input line 46.
(pdftex.def)             Requested size: 284.52756pt x 153.42888pt.


Package caption Warning: The option `hypcap=true' will be ignored for this
(caption)                particular \caption on input line 47.
See the caption package documentation for explanation.

<images/modal.png, id=305, 1162.3425pt x 769.87625pt>
File: images/modal.png Graphic file (type png)
<use images/modal.png>
Package pdftex.def Info: images/modal.png  used on input line 57.
(pdftex.def)             Requested size: 284.52756pt x 188.45099pt.

Package caption Warning: The option `hypcap=true' will be ignored for this
(caption)                particular \caption on input line 60.
See the caption package documentation for explanation.


Underfull \vbox (badness 3396) has occurred while \output is active []

 [8 <./images/navigation.jpg> <./images/push.png>]
\openout3 = `tesi.pyg'.

 (./_minted-tesi/default-pyg-prefix.pygstyle) (./_minted-tesi/default.pygstyle) (./_minted-tesi/C83B78DF782CDA1F6A6A22A96228DFA7E28028BAEFE52935A106A4D786FABC0A.pygtex
Package microtype Info: Loading generic protrusion settings for font family
(microtype)             `cmtt' (encoding: OT1).
(microtype)             For optimal results, create family-specific settings.
(microtype)             See the microtype manual for details.
LaTeX Font Info:    Font shape `OT1/cmtt/bx/n' in size <12> not available
(Font)              Font shape `OT1/cmtt/b/n' tried instead on input line 2.
) [9 <./images/modal.png>]
<images/animation.png, id=329, 322.20375pt x 322.20375pt>
File: images/animation.png Graphic file (type png)
<use images/animation.png>
Package pdftex.def Info: images/animation.png  used on input line 111.
(pdftex.def)             Requested size: 284.52756pt x 284.53821pt.


Package caption Warning: The option `hypcap=true' will be ignored for this
(caption)                particular \caption on input line 114.
See the caption package documentation for explanation.


Overfull \hbox (17.62482pt too wide) in paragraph at lines 109--117
[]$[]$ 
 []


Underfull \hbox (badness 10000) in paragraph at lines 109--117

 []


Underfull \hbox (badness 10000) in paragraph at lines 109--117

 []

[10 <./images/animation.png>]
<images/uiwindow.png, id=337, 1169.36874pt x 927.465pt>
File: images/uiwindow.png Graphic file (type png)
<use images/uiwindow.png>
Package pdftex.def Info: images/uiwindow.png  used on input line 127.
(pdftex.def)             Requested size: 227.62204pt x 180.52237pt.


Package caption Warning: The option `hypcap=true' will be ignored for this
(caption)                particular \caption on input line 128.
See the caption package documentation for explanation.


Overfull \hbox (17.62482pt too wide) in paragraph at lines 125--131
[]$[]$ 
 []


Underfull \hbox (badness 10000) in paragraph at lines 125--131

 []


Underfull \vbox (badness 7631) has occurred while \output is active []

 [11 <./images/uiwindow.png>]
\openout3 = `tesi.pyg'.

 (./_minted-tesi/4A49FEAB386588CCA18B5BB41131541AE28028BAEFE52935A106A4D786FABC0A.pygtex [12])) [13] [14

]
Capitolo 3.
(./cap3.tex
Underfull \hbox (badness 10000) in paragraph at lines 21--23

 []

<images/coordinator.png, id=364, 583.17876pt x 231.86626pt>
File: images/coordinator.png Graphic file (type png)
<use images/coordinator.png>
Package pdftex.def Info: images/coordinator.png  used on input line 26.
(pdftex.def)             Requested size: 284.52756pt x 113.12721pt.

Package caption Warning: The option `hypcap=true' will be ignored for this
(caption)                particular \caption on input line 29.
See the caption package documentation for explanation.


Overfull \hbox (17.62482pt too wide) in paragraph at lines 24--32
[]$[]$ 
 []


Underfull \hbox (badness 10000) in paragraph at lines 24--32

 []


Underfull \hbox (badness 10000) in paragraph at lines 24--32

 []


Underfull \vbox (badness 10000) has occurred while \output is active []

 [15]
Underfull \hbox (badness 10000) in paragraph at lines 36--39

 []


Underfull \hbox (badness 10000) in paragraph at lines 40--42

 []

<images/coordinator-example.png, id=372, 1023.825pt x 502.87875pt>
File: images/coordinator-example.png Graphic file (type png)
<use images/coordinator-example.png>
Package pdftex.def Info: images/coordinator-example.png  used on input line 45.
(pdftex.def)             Requested size: 284.52756pt x 139.75385pt.

Package caption Warning: The option `hypcap=true' will be ignored for this
(caption)                particular \caption on input line 48.
See the caption package documentation for explanation.


Overfull \hbox (17.62482pt too wide) in paragraph at lines 43--51
[]$[]$ 
 []


Underfull \hbox (badness 10000) in paragraph at lines 43--51

 []


Underfull \hbox (badness 10000) in paragraph at lines 43--51

 []

[16 <./images/coordinator.png> <./images/coordinator-example.png>]
\openout3 = `tesi.pyg'.

 (./_minted-tesi/7DE704FFB452359686EE418C99859C65E28028BAEFE52935A106A4D786FABC0A.pygtex)
\openout3 = `tesi.pyg'.

 (./_minted-tesi/1C3A7B47BA03ED551A598A31A8589EA6E28028BAEFE52935A106A4D786FABC0A.pygtex [17]
Underfull \vbox (badness 10000) has occurred while \output is active []

 [18])
\openout3 = `tesi.pyg'.

 (./_minted-tesi/2CD87C336314E3DD0CF2B3C4F3352FC2E28028BAEFE52935A106A4D786FABC0A.pygtex [19])
\openout3 = `tesi.pyg'.

 (./_minted-tesi/42418D86F9AC6F6CE5AB7C95920811CCE28028BAEFE52935A106A4D786FABC0A.pygtex [20])
Underfull \hbox (badness 10000) in paragraph at lines 250--254

 []

<images/qix_coord.png, id=399, 508.90125pt x 183.68625pt>
File: images/qix_coord.png Graphic file (type png)
<use images/qix_coord.png>
Package pdftex.def Info: images/qix_coord.png  used on input line 257.
(pdftex.def)             Requested size: 284.52756pt x 102.70381pt.

Package caption Warning: The option `hypcap=true' will be ignored for this
(caption)                particular \caption on input line 260.
See the caption package documentation for explanation.


Overfull \hbox (17.62482pt too wide) in paragraph at lines 255--263
[]$[]$ 
 []


Underfull \hbox (badness 10000) in paragraph at lines 255--263

 []


Underfull \hbox (badness 10000) in paragraph at lines 255--263

 []

) [21 <./images/qix_coord.png>] [22

]
Capitolo 4.
(./cap4.tex
\openout3 = `tesi.pyg'.

 (./_minted-tesi/E42197C38BE77E876BCAFE68FC326A6FE28028BAEFE52935A106A4D786FABC0A.pygtex)
Underfull \hbox (badness 10000) in paragraph at lines 10--11

 []

\openout3 = `tesi.pyg'.

(./_minted-tesi/4532741F94080176CD0711063CC4057DE28028BAEFE52935A106A4D786FABC0A.pygtex
Underfull \vbox (badness 4940) has occurred while \output is active []

 [23])
\openout3 = `tesi.pyg'.

 (./_minted-tesi/EE0CC66516FF0297F3186143FC89292EE28028BAEFE52935A106A4D786FABC0A.pygtex [24])) [25] [26

]
Capitolo 5.
(./cap5.tex [27]
\openout3 = `tesi.pyg'.

 (./_minted-tesi/837B202C49AEF4E99729F63D9B83F875E28028BAEFE52935A106A4D786FABC0A.pygtex)
\openout3 = `tesi.pyg'.

 (./_minted-tesi/4255AC38AA1279B015233823424B48E3E28028BAEFE52935A106A4D786FABC0A.pygtex [28])
\openout3 = `tesi.pyg'.

 (./_minted-tesi/4C3DE0B860EFC5021BD1B807DB588C06E28028BAEFE52935A106A4D786FABC0A.pygtex [29])
Underfull \vbox (badness 10000) has occurred while \output is active []

 [30]
\openout3 = `tesi.pyg'.

 (./_minted-tesi/21185D41F9738281025D0AC9C036273EE28028BAEFE52935A106A4D786FABC0A.pygtex)
Underfull \hbox (badness 10000) in paragraph at lines 175--177

 []

[31]
Underfull \hbox (badness 10000) in paragraph at lines 211--213

 []

<images/an12.png, id=460, 1129.21875pt x 1222.5675pt>
File: images/an12.png Graphic file (type png)
<use images/an12.png>
Package pdftex.def Info: images/an12.png  used on input line 216.
(pdftex.def)             Requested size: 284.52756pt x 308.04759pt.

Package caption Warning: The option `hypcap=true' will be ignored for this
(caption)                particular \caption on input line 219.
See the caption package documentation for explanation.


Overfull \hbox (17.62482pt too wide) in paragraph at lines 214--222
[]$[]$ 
 []


Underfull \hbox (badness 10000) in paragraph at lines 214--222

 []

\openout3 = `tesi.pyg'.

(./_minted-tesi/16E223830450E546CCC4C384F2FA2B93E28028BAEFE52935A106A4D786FABC0A.pygtex [32 <./images/an12.png>]
Underfull \vbox (badness 10000) has occurred while \output is active []

 [33])
Underfull \hbox (badness 10000) in paragraph at lines 296--299

 []

\openout3 = `tesi.pyg'.

(./_minted-tesi/B6ABACBEA0260A3DF33F746DA4698EACE28028BAEFE52935A106A4D786FABC0A.pygtex)) [34]
Capitolo 6.
(./cap6.tex
\openout3 = `tesi.pyg'.

 (./_minted-tesi/01063FFF82839E1F23DB8E43231A549BE28028BAEFE52935A106A4D786FABC0A.pygtex)
\openout3 = `tesi.pyg'.

 (./_minted-tesi/9E98D552DA207BFB8CBF197D5D9E0860E28028BAEFE52935A106A4D786FABC0A.pygtex [35

])
\openout3 = `tesi.pyg'.

 (./_minted-tesi/610B09BCA25313B9AE46C1758F953E4EE28028BAEFE52935A106A4D786FABC0A.pygtex)) [36]
Capitolo 7.
(./cap7.tex
\openout3 = `tesi.pyg'.

 (./_minted-tesi/3015EFC6651E297E7E25A1EB8C6913F6E28028BAEFE52935A106A4D786FABC0A.pygtex [37

])
\openout3 = `tesi.pyg'.

 (./_minted-tesi/26C2669F9E58197F51C920CAE1AF80AAE28028BAEFE52935A106A4D786FABC0A.pygtex [38])) [39] [40

] (./conclusioni.tex) (./tesi.bbl [41] [42

]
Underfull \hbox (badness 5133) in paragraph at lines 17--20
[]\OT1/cmr/m/n/12 (+20) Apple Inc.  Uni-ver-sal links.  []$\OT1/cmtt/m/n/12 https : / / developer . apple . com / ios /
 []


Underfull \hbox (badness 10000) in paragraph at lines 22--26
[]\OT1/cmr/m/n/12 (+20) Apple Inc.  Ui-view-con-trol-ler.  []$\OT1/cmtt/m/n/12 https : / / developer . apple . com /
 []


Underfull \hbox (badness 3229) in paragraph at lines 28--32
[]\OT1/cmr/m/n/12 (+20) Apple Inc.  Ui-na-vi-ga-tion-con-trol-ler.  []$\OT1/cmtt/m/n/12 https : / / developer . apple . com /
 []

) [43] [44

] (./tesi.lof)
\tf@lof=\write7
\openout7 = `tesi.lof'.

Package atveryend Info: Empty hook `BeforeClearDocument' on input line 113.
 [45]
Package atveryend Info: Empty hook `AfterLastShipout' on input line 113.
 (./tesi.aux)
Package atveryend Info: Executing hook `AtVeryEndDocument' on input line 113.
Package atveryend Info: Executing hook `AtEndAfterFileList' on input line 113.
Package rerunfilecheck Info: File `tesi.out' has not changed.
(rerunfilecheck)             Checksum: 5D98703D3BB467E6064059FE9408B963;2494.


LaTeX Warning: There were multiply-defined labels.

runsystem(rm tesi.pyg)...executed.

 ) 
Here is how much of TeX's memory you used:
 14478 strings out of 492616
 240896 string characters out of 6129482
 433816 words of memory out of 5000000
 17828 multiletter control sequences out of 15000+600000
 18318 words of font info for 108 fonts, out of 8000000 for 9000
 1141 hyphenation exceptions out of 8191
 37i,8n,39p,899b,596s stack positions out of 5000i,500n,10000p,200000b,80000s
 </Users/riccardocaranfil/Library/texlive/2019/texmf-var/fonts/pk/ljfour/public/cm-mf-extra-bold/cmttb10.720pk> </Users/riccardocaranfil/Library/texlive/2019/texmf-var/fonts/pk/ljfour/public/cm-mf-extra-bold/cmbcsc10.1244pk></usr/local/texlive/2019/texmf-dist/fonts/type1/public/amsfonts/cm/cmbx12.pfb></usr/local/texlive/2019/texmf-dist/fonts/type1/public/amsfonts/cm/cmcsc10.pfb></usr/local/texlive/2019/texmf-dist/fonts/type1/public/amsfonts/cm/cmitt10.pfb></usr/local/texlive/2019/texmf-dist/fonts/type1/public/amsfonts/cm/cmr10.pfb></usr/local/texlive/2019/texmf-dist/fonts/type1/public/amsfonts/cm/cmr12.pfb></usr/local/texlive/2019/texmf-dist/fonts/type1/public/amsfonts/cm/cmr7.pfb></usr/local/texlive/2019/texmf-dist/fonts/type1/public/amsfonts/cm/cmr8.pfb></usr/local/texlive/2019/texmf-dist/fonts/type1/public/amsfonts/cm/cmsl12.pfb></usr/local/texlive/2019/texmf-dist/fonts/type1/public/amsfonts/cm/cmsy10.pfb></usr/local/texlive/2019/texmf-dist/fonts/type1/public/amsfonts/cm/cmti12.pfb></usr/local/texlive/2019/texmf-dist/fonts/type1/public/amsfonts/cm/cmtt12.pfb>
Output written on tesi.pdf (51 pages, 4095130 bytes).
PDF statistics:
 693 PDF objects out of 1000 (max. 8388607)
 540 compressed objects within 6 object streams
 144 named destinations out of 1000 (max. 500000)
 23919 words of extra memory for PDF output out of 24883 (max. 10000000)

